<?xml version="1.0" encoding="UTF-8"?>
<testng-results ignored="0" total="1" passed="1" failed="0" skipped="0">
  <reporter-output>
  </reporter-output>
  <suite started-at="2025-04-04T00:11:45 IST" name="Default suite" finished-at="2025-04-04T00:11:53 IST" duration-ms="7570">
    <groups>
    </groups>
    <test started-at="2025-04-04T00:11:45 IST" name="Default test" finished-at="2025-04-04T00:11:53 IST" duration-ms="7570">
      <class name="testCases.TC001_AccountRegistrationTest">
        <test-method is-config="true" signature="setup()[pri:0, instance:testCases.TC001_AccountRegistrationTest@c86b9e3]" started-at="2025-04-04T00:11:45 IST" name="setup" finished-at="2025-04-04T00:11:49 IST" duration-ms="3635" status="PASS">
          <reporter-output>
          </reporter-output>
        </test-method> <!-- setup -->
        <test-method signature="verify_acc_req()[pri:0, instance:testCases.TC001_AccountRegistrationTest@c86b9e3]" started-at="2025-04-04T00:11:49 IST" name="verify_acc_req" finished-at="2025-04-04T00:11:52 IST" duration-ms="3571" status="PASS">
          <reporter-output>
          </reporter-output>
        </test-method> <!-- verify_acc_req -->
        <test-method is-config="true" signature="teardown()[pri:0, instance:testCases.TC001_AccountRegistrationTest@c86b9e3]" started-at="2025-04-04T00:11:52 IST" name="teardown" finished-at="2025-04-04T00:11:53 IST" duration-ms="293" status="PASS">
          <reporter-output>
          </reporter-output>
        </test-method> <!-- teardown -->
      </class> <!-- testCases.TC001_AccountRegistrationTest -->
    </test> <!-- Default test -->
  </suite> <!-- Default suite -->
</testng-results>
